#
# A fatal error has been detected by the Java Runtime Environment:
#
#  Internal Error (./src/hotspot/share/oops/generateOopMap.cpp:2164), pid=18960, tid=19972
#  fatal error: Illegal class file encountered. Try running with -Xverify:all in method getRenderedParameter
#
# JRE version: OpenJDK Runtime Environment AdoptOpenJDK (11.0.10+9) (build 11.0.10+9)
# Java VM: OpenJDK 64-Bit Server VM AdoptOpenJDK (11.0.10+9, mixed mode, tiered, compressed oops, g1 gc, windows-amd64)
# No core dump will be written. Minidumps are not enabled by default on client versions of Windows
#
# If you would like to submit a bug report, please visit:
#   https://github.com/AdoptOpenJDK/openjdk-support/issues
#

---------------  S U M M A R Y ------------

Command Line: -agentlib:jdwp=transport=dt_socket,suspend=y,address=localhost:50289 -javaagent:C:\Users\wrh\eclipse\jee-2020-12\eclipse\configuration\org.eclipse.osgi\405\0\.cp\lib\javaagent-shaded.jar -Dfile.encoding=UTF-8 org.bu.jenkins.EntryPoint profile=infnprd developmentMode=false

Host: Intel(R) Core(TM) i7-7600U CPU @ 2.80GHz, 4 cores, 15G,  Windows 10 , 64 bit Build 19041 (10.0.19041.804)
Time: Thu Jul  8 00:07:28 2021 Eastern Daylight Time elapsed time: 116.997048 seconds (0d 0h 1m 56s)

---------------  T H R E A D  ---------------

Current thread (0x000001a02e77b000):  VMThread "VM Thread" [stack: 0x0000003c4e900000,0x0000003c4ea00000] [id=19972]

Stack: [0x0000003c4e900000,0x0000003c4ea00000]
[error occurred during error reporting (printing stack bounds), id 0xc0000005, EXCEPTION_ACCESS_VIOLATION (0xc0000005) at pc=0x000001a013bd0f2d]

Native frames: (J=compiled Java code, j=interpreted, Vv=VM code, C=native code)
V  [jvm.dll+0x5f35ea]
V  [jvm.dll+0x77c65e]
V  [jvm.dll+0x77dd2f]
V  [jvm.dll+0x77e355]
V  [jvm.dll+0x77e30b]
V  [jvm.dll+0x5f2ad3]
V  [jvm.dll+0x5f31e8]
C  [ntdll.dll+0xa1f6f]
C  [ntdll.dll+0x51454]
C  [ntdll.dll+0xa0a9e]
C  0x000001a013bd0f2d

VM_Operation (0x0000003c4f3fee40): GetOrSetLocal, mode: safepoint, requested by thread 0x000001a02f25a800


---------------  P R O C E S S  ---------------

Threads class SMR info:
_java_thread_list=0x000001a031d92bc0, length=17, elements={
0x000001a02e77f800, 0x000001a02e789800, 0x000001a02f056800, 0x000001a02f057800,
0x000001a02f05b800, 0x000001a02f05f000, 0x000001a02f0c7000, 0x000001a02f0cc800,
0x000001a02f010800, 0x000001a02f25a800, 0x000001a02f380000, 0x000001a02f25b000,
0x000001a0324c1800, 0x000001a03201d000, 0x000001a00b4e9000, 0x000001a031d92000,
0x000001a02f09b000
}

Java Threads: ( => current thread )
  0x000001a02e77f800 JavaThread "Reference Handler" daemon [_thread_blocked, id=30572, stack(0x0000003c4ea00000,0x0000003c4eb00000)]
  0x000001a02e789800 JavaThread "Finalizer" daemon [_thread_blocked, id=21860, stack(0x0000003c4eb00000,0x0000003c4ec00000)]
  0x000001a02f056800 JavaThread "Signal Dispatcher" daemon [_thread_blocked, id=13356, stack(0x0000003c4ec00000,0x0000003c4ed00000)]
  0x000001a02f057800 JavaThread "Attach Listener" daemon [_thread_blocked, id=21388, stack(0x0000003c4ed00000,0x0000003c4ee00000)]
  0x000001a02f05b800 JavaThread "Service Thread" daemon [_thread_blocked, id=3788, stack(0x0000003c4ee00000,0x0000003c4ef00000)]
  0x000001a02f05f000 JavaThread "C2 CompilerThread0" daemon [_thread_blocked, id=29752, stack(0x0000003c4ef00000,0x0000003c4f000000)]
  0x000001a02f0c7000 JavaThread "C1 CompilerThread0" daemon [_thread_blocked, id=30972, stack(0x0000003c4f000000,0x0000003c4f100000)]
  0x000001a02f0cc800 JavaThread "Sweeper thread" daemon [_thread_blocked, id=22752, stack(0x0000003c4f100000,0x0000003c4f200000)]
  0x000001a02f010800 JavaThread "Common-Cleaner" daemon [_thread_blocked, id=9168, stack(0x0000003c4f200000,0x0000003c4f300000)]
  0x000001a02f25a800 JavaThread "JDWP Transport Listener: dt_socket" daemon [_thread_blocked, id=29836, stack(0x0000003c4f300000,0x0000003c4f400000)] _threads_hazard_ptr=0x000001a031d92bc0
  0x000001a02f380000 JavaThread "JDWP Event Helper Thread" daemon [_thread_blocked, id=30612, stack(0x0000003c4f400000,0x0000003c4f500000)]
  0x000001a02f25b000 JavaThread "JDWP Command Reader" daemon [_thread_in_native, id=25204, stack(0x0000003c4f500000,0x0000003c4f600000)]
  0x000001a0324c1800 JavaThread "server-timer" daemon [_thread_blocked, id=19836, stack(0x0000003c4f700000,0x0000003c4f800000)]
  0x000001a03201d000 JavaThread "HTTP-Dispatcher" [_thread_in_native, id=20192, stack(0x0000003c4fb00000,0x0000003c4fc00000)]
  0x000001a00b4e9000 JavaThread "DestroyJavaVM" [_thread_blocked, id=14876, stack(0x0000003c4e300000,0x0000003c4e400000)]
  0x000001a031d92000 JavaThread "pool-2-thread-1" [_thread_blocked, id=20920, stack(0x0000003c4fc00000,0x0000003c4fd00000)]
  0x000001a02f09b000 JavaThread "pool-2-thread-2" [_thread_blocked, id=29468, stack(0x0000003c4e200000,0x0000003c4e300000)]

Other Threads:
=>0x000001a02e77b000 VMThread "VM Thread" [stack: 0x0000003c4e900000,0x0000003c4ea00000] [id=19972]
  0x000001a02f767800 WatcherThread [stack: 0x0000003c4f600000,0x0000003c4f700000] [id=29296]
  0x000001a00b502000 GCTaskThread "GC Thread#0" [stack: 0x0000003c4e400000,0x0000003c4e500000] [id=15728]
  0x000001a02f7b2800 GCTaskThread "GC Thread#1" [stack: 0x0000003c4f800000,0x0000003c4f900000] [id=24084]
  0x000001a02f7b3000 GCTaskThread "GC Thread#2" [stack: 0x0000003c4f900000,0x0000003c4fa00000] [id=14040]
  0x000001a02f8ef800 GCTaskThread "GC Thread#3" [stack: 0x0000003c4fa00000,0x0000003c4fb00000] [id=25336]
  0x000001a00b55c000 ConcurrentGCThread "G1 Main Marker" [stack: 0x0000003c4e500000,0x0000003c4e600000] [id=10636]
  0x000001a00b55d800 ConcurrentGCThread "G1 Conc#0" [stack: 0x0000003c4e600000,0x0000003c4e700000] [id=27688]
  0x000001a02e63d000 ConcurrentGCThread "G1 Refine#0" [stack: 0x0000003c4e700000,0x0000003c4e800000] [id=21720]
  0x000001a02e63e000 ConcurrentGCThread "G1 Young RemSet Sampling" [stack: 0x0000003c4e800000,0x0000003c4e900000] [id=20992]

Threads with active compile tasks:

VM state:at safepoint (normal execution)

VM Mutex/Monitor currently owned by a thread:  ([mutex/lock_event])
[0x000001a00b4e3bd0] Threads_lock - owner thread: 0x000001a02e77b000

Heap address: 0x0000000702800000, size: 4056 MB, Compressed Oops mode: Zero based, Oop shift amount: 3
Narrow klass base: 0x0000000800000000, Narrow klass shift: 0
Compressed class space size: 1073741824 Address: 0x0000000800000000

Heap:
 garbage-first heap   total 260096K, used 28958K [0x0000000702800000, 0x0000000800000000)
  region size 1024K, 28 young (28672K), 3 survivors (3072K)
 Metaspace       used 19441K, capacity 19806K, committed 20096K, reserved 1067008K
  class space    used 2019K, capacity 2129K, committed 2176K, reserved 1048576K
Heap Regions: E=young(eden), S=young(survivor), O=old, HS=humongous(starts), HC=humongous(continues), CS=collection set, F=free, A=archive, TAMS=top-at-mark-start (previous, next)
|   0|0x0000000702800000, 0x0000000702900000, 0x0000000702900000|100%| O|  |TAMS 0x0000000702800000, 0x0000000702800000| Untracked 
|   1|0x0000000702900000, 0x00000007029bc600, 0x0000000702a00000| 73%| O|  |TAMS 0x0000000702900000, 0x0000000702900000| Untracked 
|   2|0x0000000702a00000, 0x0000000702a00000, 0x0000000702b00000|  0%| F|  |TAMS 0x0000000702a00000, 0x0000000702a00000| Untracked 
|   3|0x0000000702b00000, 0x0000000702b00000, 0x0000000702c00000|  0%| F|  |TAMS 0x0000000702b00000, 0x0000000702b00000| Untracked 
|   4|0x0000000702c00000, 0x0000000702c00000, 0x0000000702d00000|  0%| F|  |TAMS 0x0000000702c00000, 0x0000000702c00000| Untracked 
|   5|0x0000000702d00000, 0x0000000702d00000, 0x0000000702e00000|  0%| F|  |TAMS 0x0000000702d00000, 0x0000000702d00000| Untracked 
|   6|0x0000000702e00000, 0x0000000702e00000, 0x0000000702f00000|  0%| F|  |TAMS 0x0000000702e00000, 0x0000000702e00000| Untracked 
|   7|0x0000000702f00000, 0x0000000702f00000, 0x0000000703000000|  0%| F|  |TAMS 0x0000000702f00000, 0x0000000702f00000| Untracked 
|   8|0x0000000703000000, 0x0000000703000000, 0x0000000703100000|  0%| F|  |TAMS 0x0000000703000000, 0x0000000703000000| Untracked 
|   9|0x0000000703100000, 0x0000000703100000, 0x0000000703200000|  0%| F|  |TAMS 0x0000000703100000, 0x0000000703100000| Untracked 
|  10|0x0000000703200000, 0x0000000703200000, 0x0000000703300000|  0%| F|  |TAMS 0x0000000703200000, 0x0000000703200000| Untracked 
|  11|0x0000000703300000, 0x0000000703300000, 0x0000000703400000|  0%| F|  |TAMS 0x0000000703300000, 0x0000000703300000| Untracked 
|  12|0x0000000703400000, 0x0000000703400000, 0x0000000703500000|  0%| F|  |TAMS 0x0000000703400000, 0x0000000703400000| Untracked 
|  13|0x0000000703500000, 0x0000000703500000, 0x0000000703600000|  0%| F|  |TAMS 0x0000000703500000, 0x0000000703500000| Untracked 
|  14|0x0000000703600000, 0x0000000703600000, 0x0000000703700000|  0%| F|  |TAMS 0x0000000703600000, 0x0000000703600000| Untracked 
|  15|0x0000000703700000, 0x0000000703700000, 0x0000000703800000|  0%| F|  |TAMS 0x0000000703700000, 0x0000000703700000| Untracked 
|  16|0x0000000703800000, 0x0000000703800000, 0x0000000703900000|  0%| F|  |TAMS 0x0000000703800000, 0x0000000703800000| Untracked 
|  17|0x0000000703900000, 0x0000000703900000, 0x0000000703a00000|  0%| F|  |TAMS 0x0000000703900000, 0x0000000703900000| Untracked 
|  18|0x0000000703a00000, 0x0000000703a00000, 0x0000000703b00000|  0%| F|  |TAMS 0x0000000703a00000, 0x0000000703a00000| Untracked 
|  19|0x0000000703b00000, 0x0000000703b00000, 0x0000000703c00000|  0%| F|  |TAMS 0x0000000703b00000, 0x0000000703b00000| Untracked 
|  20|0x0000000703c00000, 0x0000000703c00000, 0x0000000703d00000|  0%| F|  |TAMS 0x0000000703c00000, 0x0000000703c00000| Untracked 
|  21|0x0000000703d00000, 0x0000000703d00000, 0x0000000703e00000|  0%| F|  |TAMS 0x0000000703d00000, 0x0000000703d00000| Untracked 
|  22|0x0000000703e00000, 0x0000000703e00000, 0x0000000703f00000|  0%| F|  |TAMS 0x0000000703e00000, 0x0000000703e00000| Untracked 
|  23|0x0000000703f00000, 0x0000000703f00000, 0x0000000704000000|  0%| F|  |TAMS 0x0000000703f00000, 0x0000000703f00000| Untracked 
|  24|0x0000000704000000, 0x0000000704000000, 0x0000000704100000|  0%| F|  |TAMS 0x0000000704000000, 0x0000000704000000| Untracked 
|  25|0x0000000704100000, 0x0000000704100000, 0x0000000704200000|  0%| F|  |TAMS 0x0000000704100000, 0x0000000704100000| Untracked 
|  26|0x0000000704200000, 0x0000000704200000, 0x0000000704300000|  0%| F|  |TAMS 0x0000000704200000, 0x0000000704200000| Untracked 
|  27|0x0000000704300000, 0x0000000704300000, 0x0000000704400000|  0%| F|  |TAMS 0x0000000704300000, 0x0000000704300000| Untracked 
|  28|0x0000000704400000, 0x0000000704400000, 0x0000000704500000|  0%| F|  |TAMS 0x0000000704400000, 0x0000000704400000| Untracked 
|  29|0x0000000704500000, 0x0000000704500000, 0x0000000704600000|  0%| F|  |TAMS 0x0000000704500000, 0x0000000704500000| Untracked 
|  30|0x0000000704600000, 0x0000000704600000, 0x0000000704700000|  0%| F|  |TAMS 0x0000000704600000, 0x0000000704600000| Untracked 
|  31|0x0000000704700000, 0x0000000704700000, 0x0000000704800000|  0%| F|  |TAMS 0x0000000704700000, 0x0000000704700000| Untracked 
|  32|0x0000000704800000, 0x0000000704800000, 0x0000000704900000|  0%| F|  |TAMS 0x0000000704800000, 0x0000000704800000| Untracked 
|  33|0x0000000704900000, 0x0000000704900000, 0x0000000704a00000|  0%| F|  |TAMS 0x0000000704900000, 0x0000000704900000| Untracked 
|  34|0x0000000704a00000, 0x0000000704a00000, 0x0000000704b00000|  0%| F|  |TAMS 0x0000000704a00000, 0x0000000704a00000| Untracked 
|  35|0x0000000704b00000, 0x0000000704b00000, 0x0000000704c00000|  0%| F|  |TAMS 0x0000000704b00000, 0x0000000704b00000| Untracked 
|  36|0x0000000704c00000, 0x0000000704c00000, 0x0000000704d00000|  0%| F|  |TAMS 0x0000000704c00000, 0x0000000704c00000| Untracked 
|  37|0x0000000704d00000, 0x0000000704d00000, 0x0000000704e00000|  0%| F|  |TAMS 0x0000000704d00000, 0x0000000704d00000| Untracked 
|  38|0x0000000704e00000, 0x0000000704e00000, 0x0000000704f00000|  0%| F|  |TAMS 0x0000000704e00000, 0x0000000704e00000| Untracked 
|  39|0x0000000704f00000, 0x0000000704f00000, 0x0000000705000000|  0%| F|  |TAMS 0x0000000704f00000, 0x0000000704f00000| Untracked 
|  40|0x0000000705000000, 0x0000000705000000, 0x0000000705100000|  0%| F|  |TAMS 0x0000000705000000, 0x0000000705000000| Untracked 
|  41|0x0000000705100000, 0x0000000705100000, 0x0000000705200000|  0%| F|  |TAMS 0x0000000705100000, 0x0000000705100000| Untracked 
|  42|0x0000000705200000, 0x0000000705200000, 0x0000000705300000|  0%| F|  |TAMS 0x0000000705200000, 0x0000000705200000| Untracked 
|  43|0x0000000705300000, 0x0000000705300000, 0x0000000705400000|  0%| F|  |TAMS 0x0000000705300000, 0x0000000705300000| Untracked 
|  44|0x0000000705400000, 0x0000000705400000, 0x0000000705500000|  0%| F|  |TAMS 0x0000000705400000, 0x0000000705400000| Untracked 
|  45|0x0000000705500000, 0x0000000705500000, 0x0000000705600000|  0%| F|  |TAMS 0x0000000705500000, 0x0000000705500000| Untracked 
|  46|0x0000000705600000, 0x0000000705600000, 0x0000000705700000|  0%| F|  |TAMS 0x0000000705600000, 0x0000000705600000| Untracked 
|  47|0x0000000705700000, 0x0000000705700000, 0x0000000705800000|  0%| F|  |TAMS 0x0000000705700000, 0x0000000705700000| Untracked 
|  48|0x0000000705800000, 0x0000000705800000, 0x0000000705900000|  0%| F|  |TAMS 0x0000000705800000, 0x0000000705800000| Untracked 
|  49|0x0000000705900000, 0x0000000705900000, 0x0000000705a00000|  0%| F|  |TAMS 0x0000000705900000, 0x0000000705900000| Untracked 
|  50|0x0000000705a00000, 0x0000000705a00000, 0x0000000705b00000|  0%| F|  |TAMS 0x0000000705a00000, 0x0000000705a00000| Untracked 
|  51|0x0000000705b00000, 0x0000000705b00000, 0x0000000705c00000|  0%| F|  |TAMS 0x0000000705b00000, 0x0000000705b00000| Untracked 
|  52|0x0000000705c00000, 0x0000000705c00000, 0x0000000705d00000|  0%| F|  |TAMS 0x0000000705c00000, 0x0000000705c00000| Untracked 
|  53|0x0000000705d00000, 0x0000000705d00000, 0x0000000705e00000|  0%| F|  |TAMS 0x0000000705d00000, 0x0000000705d00000| Untracked 
|  54|0x0000000705e00000, 0x0000000705e00000, 0x0000000705f00000|  0%| F|  |TAMS 0x0000000705e00000, 0x0000000705e00000| Untracked 
|  55|0x0000000705f00000, 0x0000000705f00000, 0x0000000706000000|  0%| F|  |TAMS 0x0000000705f00000, 0x0000000705f00000| Untracked 
|  56|0x0000000706000000, 0x0000000706000000, 0x0000000706100000|  0%| F|  |TAMS 0x0000000706000000, 0x0000000706000000| Untracked 
|  57|0x0000000706100000, 0x0000000706100000, 0x0000000706200000|  0%| F|  |TAMS 0x0000000706100000, 0x0000000706100000| Untracked 
|  58|0x0000000706200000, 0x0000000706200000, 0x0000000706300000|  0%| F|  |TAMS 0x0000000706200000, 0x0000000706200000| Untracked 
|  59|0x0000000706300000, 0x0000000706300000, 0x0000000706400000|  0%| F|  |TAMS 0x0000000706300000, 0x0000000706300000| Untracked 
|  60|0x0000000706400000, 0x0000000706400000, 0x0000000706500000|  0%| F|  |TAMS 0x0000000706400000, 0x0000000706400000| Untracked 
|  61|0x0000000706500000, 0x0000000706500000, 0x0000000706600000|  0%| F|  |TAMS 0x0000000706500000, 0x0000000706500000| Untracked 
|  62|0x0000000706600000, 0x0000000706600000, 0x0000000706700000|  0%| F|  |TAMS 0x0000000706600000, 0x0000000706600000| Untracked 
|  63|0x0000000706700000, 0x0000000706700000, 0x0000000706800000|  0%| F|  |TAMS 0x0000000706700000, 0x0000000706700000| Untracked 
|  64|0x0000000706800000, 0x0000000706800000, 0x0000000706900000|  0%| F|  |TAMS 0x0000000706800000, 0x0000000706800000| Untracked 
|  65|0x0000000706900000, 0x0000000706900000, 0x0000000706a00000|  0%| F|  |TAMS 0x0000000706900000, 0x0000000706900000| Untracked 
|  66|0x0000000706a00000, 0x0000000706a00000, 0x0000000706b00000|  0%| F|  |TAMS 0x0000000706a00000, 0x0000000706a00000| Untracked 
|  67|0x0000000706b00000, 0x0000000706b00000, 0x0000000706c00000|  0%| F|  |TAMS 0x0000000706b00000, 0x0000000706b00000| Untracked 
|  68|0x0000000706c00000, 0x0000000706c00000, 0x0000000706d00000|  0%| F|  |TAMS 0x0000000706c00000, 0x0000000706c00000| Untracked 
|  69|0x0000000706d00000, 0x0000000706d00000, 0x0000000706e00000|  0%| F|  |TAMS 0x0000000706d00000, 0x0000000706d00000| Untracked 
|  70|0x0000000706e00000, 0x0000000706e00000, 0x0000000706f00000|  0%| F|  |TAMS 0x0000000706e00000, 0x0000000706e00000| Untracked 
|  71|0x0000000706f00000, 0x0000000706f00000, 0x0000000707000000|  0%| F|  |TAMS 0x0000000706f00000, 0x0000000706f00000| Untracked 
|  72|0x0000000707000000, 0x0000000707000000, 0x0000000707100000|  0%| F|  |TAMS 0x0000000707000000, 0x0000000707000000| Untracked 
|  73|0x0000000707100000, 0x0000000707100000, 0x0000000707200000|  0%| F|  |TAMS 0x0000000707100000, 0x0000000707100000| Untracked 
|  74|0x0000000707200000, 0x0000000707200000, 0x0000000707300000|  0%| F|  |TAMS 0x0000000707200000, 0x0000000707200000| Untracked 
|  75|0x0000000707300000, 0x0000000707300000, 0x0000000707400000|  0%| F|  |TAMS 0x0000000707300000, 0x0000000707300000| Untracked 
|  76|0x0000000707400000, 0x0000000707400000, 0x0000000707500000|  0%| F|  |TAMS 0x0000000707400000, 0x0000000707400000| Untracked 
|  77|0x0000000707500000, 0x0000000707500000, 0x0000000707600000|  0%| F|  |TAMS 0x0000000707500000, 0x0000000707500000| Untracked 
|  78|0x0000000707600000, 0x0000000707600000, 0x0000000707700000|  0%| F|  |TAMS 0x0000000707600000, 0x0000000707600000| Untracked 
|  79|0x0000000707700000, 0x0000000707700000, 0x0000000707800000|  0%| F|  |TAMS 0x0000000707700000, 0x0000000707700000| Untracked 
|  80|0x0000000707800000, 0x0000000707800000, 0x0000000707900000|  0%| F|  |TAMS 0x0000000707800000, 0x0000000707800000| Untracked 
|  81|0x0000000707900000, 0x0000000707900000, 0x0000000707a00000|  0%| F|  |TAMS 0x0000000707900000, 0x0000000707900000| Untracked 
|  82|0x0000000707a00000, 0x0000000707a00000, 0x0000000707b00000|  0%| F|  |TAMS 0x0000000707a00000, 0x0000000707a00000| Untracked 
|  83|0x0000000707b00000, 0x0000000707b00000, 0x0000000707c00000|  0%| F|  |TAMS 0x0000000707b00000, 0x0000000707b00000| Untracked 
|  84|0x0000000707c00000, 0x0000000707c00000, 0x0000000707d00000|  0%| F|  |TAMS 0x0000000707c00000, 0x0000000707c00000| Untracked 
|  85|0x0000000707d00000, 0x0000000707d00000, 0x0000000707e00000|  0%| F|  |TAMS 0x0000000707d00000, 0x0000000707d00000| Untracked 
|  86|0x0000000707e00000, 0x0000000707e00000, 0x0000000707f00000|  0%| F|  |TAMS 0x0000000707e00000, 0x0000000707e00000| Untracked 
|  87|0x0000000707f00000, 0x0000000707f00000, 0x0000000708000000|  0%| F|  |TAMS 0x0000000707f00000, 0x0000000707f00000| Untracked 
|  88|0x0000000708000000, 0x0000000708000000, 0x0000000708100000|  0%| F|  |TAMS 0x0000000708000000, 0x0000000708000000| Untracked 
|  89|0x0000000708100000, 0x0000000708100000, 0x0000000708200000|  0%| F|  |TAMS 0x0000000708100000, 0x0000000708100000| Untracked 
|  90|0x0000000708200000, 0x0000000708200000, 0x0000000708300000|  0%| F|  |TAMS 0x0000000708200000, 0x0000000708200000| Untracked 
|  91|0x0000000708300000, 0x0000000708300000, 0x0000000708400000|  0%| F|  |TAMS 0x0000000708300000, 0x0000000708300000| Untracked 
|  92|0x0000000708400000, 0x0000000708400000, 0x0000000708500000|  0%| F|  |TAMS 0x0000000708400000, 0x0000000708400000| Untracked 
|  93|0x0000000708500000, 0x0000000708500000, 0x0000000708600000|  0%| F|  |TAMS 0x0000000708500000, 0x0000000708500000| Untracked 
|  94|0x0000000708600000, 0x0000000708600000, 0x0000000708700000|  0%| F|  |TAMS 0x0000000708600000, 0x0000000708600000| Untracked 
|  95|0x0000000708700000, 0x0000000708700000, 0x0000000708800000|  0%| F|  |TAMS 0x0000000708700000, 0x0000000708700000| Untracked 
|  96|0x0000000708800000, 0x0000000708800000, 0x0000000708900000|  0%| F|  |TAMS 0x0000000708800000, 0x0000000708800000| Untracked 
|  97|0x0000000708900000, 0x0000000708900000, 0x0000000708a00000|  0%| F|  |TAMS 0x0000000708900000, 0x0000000708900000| Untracked 
|  98|0x0000000708a00000, 0x0000000708a00000, 0x0000000708b00000|  0%| F|  |TAMS 0x0000000708a00000, 0x0000000708a00000| Untracked 
|  99|0x0000000708b00000, 0x0000000708b00000, 0x0000000708c00000|  0%| F|  |TAMS 0x0000000708b00000, 0x0000000708b00000| Untracked 
| 100|0x0000000708c00000, 0x0000000708c00000, 0x0000000708d00000|  0%| F|  |TAMS 0x0000000708c00000, 0x0000000708c00000| Untracked 
| 101|0x0000000708d00000, 0x0000000708d00000, 0x0000000708e00000|  0%| F|  |TAMS 0x0000000708d00000, 0x0000000708d00000| Untracked 
| 102|0x0000000708e00000, 0x0000000708e00000, 0x0000000708f00000|  0%| F|  |TAMS 0x0000000708e00000, 0x0000000708e00000| Untracked 
| 103|0x0000000708f00000, 0x0000000708f00000, 0x0000000709000000|  0%| F|  |TAMS 0x0000000708f00000, 0x0000000708f00000| Untracked 
| 104|0x0000000709000000, 0x0000000709000000, 0x0000000709100000|  0%| F|  |TAMS 0x0000000709000000, 0x0000000709000000| Untracked 
| 105|0x0000000709100000, 0x0000000709100000, 0x0000000709200000|  0%| F|  |TAMS 0x0000000709100000, 0x0000000709100000| Untracked 
| 106|0x0000000709200000, 0x0000000709200000, 0x0000000709300000|  0%| F|  |TAMS 0x0000000709200000, 0x0000000709200000| Untracked 
| 107|0x0000000709300000, 0x0000000709300000, 0x0000000709400000|  0%| F|  |TAMS 0x0000000709300000, 0x0000000709300000| Untracked 
| 108|0x0000000709400000, 0x0000000709400000, 0x0000000709500000|  0%| F|  |TAMS 0x0000000709400000, 0x0000000709400000| Untracked 
| 109|0x0000000709500000, 0x0000000709500000, 0x0000000709600000|  0%| F|  |TAMS 0x0000000709500000, 0x0000000709500000| Untracked 
| 110|0x0000000709600000, 0x0000000709600000, 0x0000000709700000|  0%| F|  |TAMS 0x0000000709600000, 0x0000000709600000| Untracked 
| 111|0x0000000709700000, 0x0000000709700000, 0x0000000709800000|  0%| F|  |TAMS 0x0000000709700000, 0x0000000709700000| Untracked 
| 112|0x0000000709800000, 0x0000000709800000, 0x0000000709900000|  0%| F|  |TAMS 0x0000000709800000, 0x0000000709800000| Untracked 
| 113|0x0000000709900000, 0x0000000709900000, 0x0000000709a00000|  0%| F|  |TAMS 0x0000000709900000, 0x0000000709900000| Untracked 
| 114|0x0000000709a00000, 0x0000000709a00000, 0x0000000709b00000|  0%| F|  |TAMS 0x0000000709a00000, 0x0000000709a00000| Untracked 
| 115|0x0000000709b00000, 0x0000000709b00000, 0x0000000709c00000|  0%| F|  |TAMS 0x0000000709b00000, 0x0000000709b00000| Untracked 
| 116|0x0000000709c00000, 0x0000000709c00000, 0x0000000709d00000|  0%| F|  |TAMS 0x0000000709c00000, 0x0000000709c00000| Untracked 
| 117|0x0000000709d00000, 0x0000000709d00000, 0x0000000709e00000|  0%| F|  |TAMS 0x0000000709d00000, 0x0000000709d00000| Untracked 
| 118|0x0000000709e00000, 0x0000000709e00000, 0x0000000709f00000|  0%| F|  |TAMS 0x0000000709e00000, 0x0000000709e00000| Untracked 
| 119|0x0000000709f00000, 0x0000000709f00000, 0x000000070a000000|  0%| F|  |TAMS 0x0000000709f00000, 0x0000000709f00000| Untracked 
| 120|0x000000070a000000, 0x000000070a000000, 0x000000070a100000|  0%| F|  |TAMS 0x000000070a000000, 0x000000070a000000| Untracked 
| 121|0x000000070a100000, 0x000000070a100000, 0x000000070a200000|  0%| F|  |TAMS 0x000000070a100000, 0x000000070a100000| Untracked 
| 122|0x000000070a200000, 0x000000070a200000, 0x000000070a300000|  0%| F|  |TAMS 0x000000070a200000, 0x000000070a200000| Untracked 
| 123|0x000000070a300000, 0x000000070a300000, 0x000000070a400000|  0%| F|  |TAMS 0x000000070a300000, 0x000000070a300000| Untracked 
| 124|0x000000070a400000, 0x000000070a400000, 0x000000070a500000|  0%| F|  |TAMS 0x000000070a400000, 0x000000070a400000| Untracked 
| 125|0x000000070a500000, 0x000000070a500000, 0x000000070a600000|  0%| F|  |TAMS 0x000000070a500000, 0x000000070a500000| Untracked 
| 126|0x000000070a600000, 0x000000070a600000, 0x000000070a700000|  0%| F|  |TAMS 0x000000070a600000, 0x000000070a600000| Untracked 
| 127|0x000000070a700000, 0x000000070a700000, 0x000000070a800000|  0%| F|  |TAMS 0x000000070a700000, 0x000000070a700000| Untracked 
| 128|0x000000070a800000, 0x000000070a800000, 0x000000070a900000|  0%| F|  |TAMS 0x000000070a800000, 0x000000070a800000| Untracked 
| 129|0x000000070a900000, 0x000000070a900000, 0x000000070aa00000|  0%| F|  |TAMS 0x000000070a900000, 0x000000070a900000| Untracked 
| 130|0x000000070aa00000, 0x000000070aa00000, 0x000000070ab00000|  0%| F|  |TAMS 0x000000070aa00000, 0x000000070aa00000| Untracked 
| 131|0x000000070ab00000, 0x000000070ab00000, 0x000000070ac00000|  0%| F|  |TAMS 0x000000070ab00000, 0x000000070ab00000| Untracked 
| 132|0x000000070ac00000, 0x000000070ac00000, 0x000000070ad00000|  0%| F|  |TAMS 0x000000070ac00000, 0x000000070ac00000| Untracked 
| 133|0x000000070ad00000, 0x000000070ad00000, 0x000000070ae00000|  0%| F|  |TAMS 0x000000070ad00000, 0x000000070ad00000| Untracked 
| 134|0x000000070ae00000, 0x000000070ae00000, 0x000000070af00000|  0%| F|  |TAMS 0x000000070ae00000, 0x000000070ae00000| Untracked 
| 135|0x000000070af00000, 0x000000070af00000, 0x000000070b000000|  0%| F|  |TAMS 0x000000070af00000, 0x000000070af00000| Untracked 
| 136|0x000000070b000000, 0x000000070b000000, 0x000000070b100000|  0%| F|  |TAMS 0x000000070b000000, 0x000000070b000000| Untracked 
| 137|0x000000070b100000, 0x000000070b100000, 0x000000070b200000|  0%| F|  |TAMS 0x000000070b100000, 0x000000070b100000| Untracked 
| 138|0x000000070b200000, 0x000000070b200000, 0x000000070b300000|  0%| F|  |TAMS 0x000000070b200000, 0x000000070b200000| Untracked 
| 139|0x000000070b300000, 0x000000070b300000, 0x000000070b400000|  0%| F|  |TAMS 0x000000070b300000, 0x000000070b300000| Untracked 
| 140|0x000000070b400000, 0x000000070b400000, 0x000000070b500000|  0%| F|  |TAMS 0x000000070b400000, 0x000000070b400000| Untracked 
| 141|0x000000070b500000, 0x000000070b500000, 0x000000070b600000|  0%| F|  |TAMS 0x000000070b500000, 0x000000070b500000| Untracked 
| 142|0x000000070b600000, 0x000000070b600000, 0x000000070b700000|  0%| F|  |TAMS 0x000000070b600000, 0x000000070b600000| Untracked 
| 143|0x000000070b700000, 0x000000070b700000, 0x000000070b800000|  0%| F|  |TAMS 0x000000070b700000, 0x000000070b700000| Untracked 
| 144|0x000000070b800000, 0x000000070b800000, 0x000000070b900000|  0%| F|  |TAMS 0x000000070b800000, 0x000000070b800000| Untracked 
| 145|0x000000070b900000, 0x000000070b900000, 0x000000070ba00000|  0%| F|  |TAMS 0x000000070b900000, 0x000000070b900000| Untracked 
| 146|0x000000070ba00000, 0x000000070ba00000, 0x000000070bb00000|  0%| F|  |TAMS 0x000000070ba00000, 0x000000070ba00000| Untracked 
| 147|0x000000070bb00000, 0x000000070bb00000, 0x000000070bc00000|  0%| F|  |TAMS 0x000000070bb00000, 0x000000070bb00000| Untracked 
| 148|0x000000070bc00000, 0x000000070bc00000, 0x000000070bd00000|  0%| F|  |TAMS 0x000000070bc00000, 0x000000070bc00000| Untracked 
| 149|0x000000070bd00000, 0x000000070bd00000, 0x000000070be00000|  0%| F|  |TAMS 0x000000070bd00000, 0x000000070bd00000| Untracked 
| 150|0x000000070be00000, 0x000000070be00000, 0x000000070bf00000|  0%| F|  |TAMS 0x000000070be00000, 0x000000070be00000| Untracked 
| 151|0x000000070bf00000, 0x000000070bf00000, 0x000000070c000000|  0%| F|  |TAMS 0x000000070bf00000, 0x000000070bf00000| Untracked 
| 152|0x000000070c000000, 0x000000070c000000, 0x000000070c100000|  0%| F|  |TAMS 0x000000070c000000, 0x000000070c000000| Untracked 
| 153|0x000000070c100000, 0x000000070c100000, 0x000000070c200000|  0%| F|  |TAMS 0x000000070c100000, 0x000000070c100000| Untracked 
| 154|0x000000070c200000, 0x000000070c200000, 0x000000070c300000|  0%| F|  |TAMS 0x000000070c200000, 0x000000070c200000| Untracked 
| 155|0x000000070c300000, 0x000000070c300000, 0x000000070c400000|  0%| F|  |TAMS 0x000000070c300000, 0x000000070c300000| Untracked 
| 156|0x000000070c400000, 0x000000070c400000, 0x000000070c500000|  0%| F|  |TAMS 0x000000070c400000, 0x000000070c400000| Untracked 
| 157|0x000000070c500000, 0x000000070c500000, 0x000000070c600000|  0%| F|  |TAMS 0x000000070c500000, 0x000000070c500000| Untracked 
| 158|0x000000070c600000, 0x000000070c600000, 0x000000070c700000|  0%| F|  |TAMS 0x000000070c600000, 0x000000070c600000| Untracked 
| 159|0x000000070c700000, 0x000000070c700000, 0x000000070c800000|  0%| F|  |TAMS 0x000000070c700000, 0x000000070c700000| Untracked 
| 160|0x000000070c800000, 0x000000070c800000, 0x000000070c900000|  0%| F|  |TAMS 0x000000070c800000, 0x000000070c800000| Untracked 
| 161|0x000000070c900000, 0x000000070c900000, 0x000000070ca00000|  0%| F|  |TAMS 0x000000070c900000, 0x000000070c900000| Untracked 
| 162|0x000000070ca00000, 0x000000070ca00000, 0x000000070cb00000|  0%| F|  |TAMS 0x000000070ca00000, 0x000000070ca00000| Untracked 
| 163|0x000000070cb00000, 0x000000070cb00000, 0x000000070cc00000|  0%| F|  |TAMS 0x000000070cb00000, 0x000000070cb00000| Untracked 
| 164|0x000000070cc00000, 0x000000070cc00000, 0x000000070cd00000|  0%| F|  |TAMS 0x000000070cc00000, 0x000000070cc00000| Untracked 
| 165|0x000000070cd00000, 0x000000070cd00000, 0x000000070ce00000|  0%| F|  |TAMS 0x000000070cd00000, 0x000000070cd00000| Untracked 
| 166|0x000000070ce00000, 0x000000070ce00000, 0x000000070cf00000|  0%| F|  |TAMS 0x000000070ce00000, 0x000000070ce00000| Untracked 
| 167|0x000000070cf00000, 0x000000070cf00000, 0x000000070d000000|  0%| F|  |TAMS 0x000000070cf00000, 0x000000070cf00000| Untracked 
| 168|0x000000070d000000, 0x000000070d000000, 0x000000070d100000|  0%| F|  |TAMS 0x000000070d000000, 0x000000070d000000| Untracked 
| 169|0x000000070d100000, 0x000000070d100000, 0x000000070d200000|  0%| F|  |TAMS 0x000000070d100000, 0x000000070d100000| Untracked 
| 170|0x000000070d200000, 0x000000070d200000, 0x000000070d300000|  0%| F|  |TAMS 0x000000070d200000, 0x000000070d200000| Untracked 
| 171|0x000000070d300000, 0x000000070d300000, 0x000000070d400000|  0%| F|  |TAMS 0x000000070d300000, 0x000000070d300000| Untracked 
| 172|0x000000070d400000, 0x000000070d400000, 0x000000070d500000|  0%| F|  |TAMS 0x000000070d400000, 0x000000070d400000| Untracked 
| 173|0x000000070d500000, 0x000000070d500000, 0x000000070d600000|  0%| F|  |TAMS 0x000000070d500000, 0x000000070d500000| Untracked 
| 174|0x000000070d600000, 0x000000070d600000, 0x000000070d700000|  0%| F|  |TAMS 0x000000070d600000, 0x000000070d600000| Untracked 
| 175|0x000000070d700000, 0x000000070d700000, 0x000000070d800000|  0%| F|  |TAMS 0x000000070d700000, 0x000000070d700000| Untracked 
| 176|0x000000070d800000, 0x000000070d800000, 0x000000070d900000|  0%| F|  |TAMS 0x000000070d800000, 0x000000070d800000| Untracked 
| 177|0x000000070d900000, 0x000000070d900000, 0x000000070da00000|  0%| F|  |TAMS 0x000000070d900000, 0x000000070d900000| Untracked 
| 178|0x000000070da00000, 0x000000070da00000, 0x000000070db00000|  0%| F|  |TAMS 0x000000070da00000, 0x000000070da00000| Untracked 
| 179|0x000000070db00000, 0x000000070db00000, 0x000000070dc00000|  0%| F|  |TAMS 0x000000070db00000, 0x000000070db00000| Untracked 
| 180|0x000000070dc00000, 0x000000070dc00000, 0x000000070dd00000|  0%| F|  |TAMS 0x000000070dc00000, 0x000000070dc00000| Untracked 
| 181|0x000000070dd00000, 0x000000070dd00000, 0x000000070de00000|  0%| F|  |TAMS 0x000000070dd00000, 0x000000070dd00000| Untracked 
| 182|0x000000070de00000, 0x000000070de00000, 0x000000070df00000|  0%| F|  |TAMS 0x000000070de00000, 0x000000070de00000| Untracked 
| 183|0x000000070df00000, 0x000000070df00000, 0x000000070e000000|  0%| F|  |TAMS 0x000000070df00000, 0x000000070df00000| Untracked 
| 184|0x000000070e000000, 0x000000070e000000, 0x000000070e100000|  0%| F|  |TAMS 0x000000070e000000, 0x000000070e000000| Untracked 
| 185|0x000000070e100000, 0x000000070e100000, 0x000000070e200000|  0%| F|  |TAMS 0x000000070e100000, 0x000000070e100000| Untracked 
| 186|0x000000070e200000, 0x000000070e200000, 0x000000070e300000|  0%| F|  |TAMS 0x000000070e200000, 0x000000070e200000| Untracked 
| 187|0x000000070e300000, 0x000000070e300000, 0x000000070e400000|  0%| F|  |TAMS 0x000000070e300000, 0x000000070e300000| Untracked 
| 188|0x000000070e400000, 0x000000070e400000, 0x000000070e500000|  0%| F|  |TAMS 0x000000070e400000, 0x000000070e400000| Untracked 
| 189|0x000000070e500000, 0x000000070e500000, 0x000000070e600000|  0%| F|  |TAMS 0x000000070e500000, 0x000000070e500000| Untracked 
| 190|0x000000070e600000, 0x000000070e600000, 0x000000070e700000|  0%| F|  |TAMS 0x000000070e600000, 0x000000070e600000| Untracked 
| 191|0x000000070e700000, 0x000000070e700000, 0x000000070e800000|  0%| F|  |TAMS 0x000000070e700000, 0x000000070e700000| Untracked 
| 192|0x000000070e800000, 0x000000070e800000, 0x000000070e900000|  0%| F|  |TAMS 0x000000070e800000, 0x000000070e800000| Untracked 
| 193|0x000000070e900000, 0x000000070e900000, 0x000000070ea00000|  0%| F|  |TAMS 0x000000070e900000, 0x000000070e900000| Untracked 
| 194|0x000000070ea00000, 0x000000070ea00000, 0x000000070eb00000|  0%| F|  |TAMS 0x000000070ea00000, 0x000000070ea00000| Untracked 
| 195|0x000000070eb00000, 0x000000070eb00000, 0x000000070ec00000|  0%| F|  |TAMS 0x000000070eb00000, 0x000000070eb00000| Untracked 
| 196|0x000000070ec00000, 0x000000070ec00000, 0x000000070ed00000|  0%| F|  |TAMS 0x000000070ec00000, 0x000000070ec00000| Untracked 
| 197|0x000000070ed00000, 0x000000070ed00000, 0x000000070ee00000|  0%| F|  |TAMS 0x000000070ed00000, 0x000000070ed00000| Untracked 
| 198|0x000000070ee00000, 0x000000070ee00000, 0x000000070ef00000|  0%| F|  |TAMS 0x000000070ee00000, 0x000000070ee00000| Untracked 
| 199|0x000000070ef00000, 0x000000070ef00000, 0x000000070f000000|  0%| F|  |TAMS 0x000000070ef00000, 0x000000070ef00000| Untracked 
| 200|0x000000070f000000, 0x000000070f000000, 0x000000070f100000|  0%| F|  |TAMS 0x000000070f000000, 0x000000070f000000| Untracked 
| 201|0x000000070f100000, 0x000000070f100000, 0x000000070f200000|  0%| F|  |TAMS 0x000000070f100000, 0x000000070f100000| Untracked 
| 202|0x000000070f200000, 0x000000070f200000, 0x000000070f300000|  0%| F|  |TAMS 0x000000070f200000, 0x000000070f200000| Untracked 
| 203|0x000000070f300000, 0x000000070f300000, 0x000000070f400000|  0%| F|  |TAMS 0x000000070f300000, 0x000000070f300000| Untracked 
| 204|0x000000070f400000, 0x000000070f400000, 0x000000070f500000|  0%| F|  |TAMS 0x000000070f400000, 0x000000070f400000| Untracked 
| 205|0x000000070f500000, 0x000000070f500000, 0x000000070f600000|  0%| F|  |TAMS 0x000000070f500000, 0x000000070f500000| Untracked 
| 206|0x000000070f600000, 0x000000070f600000, 0x000000070f700000|  0%| F|  |TAMS 0x000000070f600000, 0x000000070f600000| Untracked 
| 207|0x000000070f700000, 0x000000070f700000, 0x000000070f800000|  0%| F|  |TAMS 0x000000070f700000, 0x000000070f700000| Untracked 
| 208|0x000000070f800000, 0x000000070f800000, 0x000000070f900000|  0%| F|  |TAMS 0x000000070f800000, 0x000000070f800000| Untracked 
| 209|0x000000070f900000, 0x000000070f900000, 0x000000070fa00000|  0%| F|  |TAMS 0x000000070f900000, 0x000000070f900000| Untracked 
| 210|0x000000070fa00000, 0x000000070fa00000, 0x000000070fb00000|  0%| F|  |TAMS 0x000000070fa00000, 0x000000070fa00000| Untracked 
| 211|0x000000070fb00000, 0x000000070fb00000, 0x000000070fc00000|  0%| F|  |TAMS 0x000000070fb00000, 0x000000070fb00000| Untracked 
| 212|0x000000070fc00000, 0x000000070fc8b5f0, 0x000000070fd00000| 54%| S|CS|TAMS 0x000000070fc00000, 0x000000070fc00000| Complete 
| 213|0x000000070fd00000, 0x000000070fe00000, 0x000000070fe00000|100%| S|CS|TAMS 0x000000070fd00000, 0x000000070fd00000| Complete 
| 214|0x000000070fe00000, 0x000000070ff00000, 0x000000070ff00000|100%| S|CS|TAMS 0x000000070fe00000, 0x000000070fe00000| Complete 
| 215|0x000000070ff00000, 0x000000070ff00000, 0x0000000710000000|  0%| F|  |TAMS 0x000000070ff00000, 0x000000070ff00000| Untracked 
| 216|0x0000000710000000, 0x0000000710000000, 0x0000000710100000|  0%| F|  |TAMS 0x0000000710000000, 0x0000000710000000| Untracked 
| 217|0x0000000710100000, 0x0000000710100000, 0x0000000710200000|  0%| F|  |TAMS 0x0000000710100000, 0x0000000710100000| Untracked 
| 218|0x0000000710200000, 0x0000000710200000, 0x0000000710300000|  0%| F|  |TAMS 0x0000000710200000, 0x0000000710200000| Untracked 
| 219|0x0000000710300000, 0x0000000710300000, 0x0000000710400000|  0%| F|  |TAMS 0x0000000710300000, 0x0000000710300000| Untracked 
| 220|0x0000000710400000, 0x0000000710400000, 0x0000000710500000|  0%| F|  |TAMS 0x0000000710400000, 0x0000000710400000| Untracked 
| 221|0x0000000710500000, 0x0000000710500000, 0x0000000710600000|  0%| F|  |TAMS 0x0000000710500000, 0x0000000710500000| Untracked 
| 222|0x0000000710600000, 0x0000000710600000, 0x0000000710700000|  0%| F|  |TAMS 0x0000000710600000, 0x0000000710600000| Untracked 
| 223|0x0000000710700000, 0x0000000710700000, 0x0000000710800000|  0%| F|  |TAMS 0x0000000710700000, 0x0000000710700000| Untracked 
| 224|0x0000000710800000, 0x0000000710800000, 0x0000000710900000|  0%| F|  |TAMS 0x0000000710800000, 0x0000000710800000| Untracked 
| 225|0x0000000710900000, 0x0000000710900000, 0x0000000710a00000|  0%| F|  |TAMS 0x0000000710900000, 0x0000000710900000| Untracked 
| 226|0x0000000710a00000, 0x0000000710a00000, 0x0000000710b00000|  0%| F|  |TAMS 0x0000000710a00000, 0x0000000710a00000| Untracked 
| 227|0x0000000710b00000, 0x0000000710b00000, 0x0000000710c00000|  0%| F|  |TAMS 0x0000000710b00000, 0x0000000710b00000| Untracked 
| 228|0x0000000710c00000, 0x0000000710c00000, 0x0000000710d00000|  0%| F|  |TAMS 0x0000000710c00000, 0x0000000710c00000| Untracked 
| 229|0x0000000710d00000, 0x0000000710de8e80, 0x0000000710e00000| 90%| E|  |TAMS 0x0000000710d00000, 0x0000000710d00000| Complete 
| 230|0x0000000710e00000, 0x0000000710f00000, 0x0000000710f00000|100%| E|CS|TAMS 0x0000000710e00000, 0x0000000710e00000| Complete 
| 231|0x0000000710f00000, 0x0000000711000000, 0x0000000711000000|100%| E|CS|TAMS 0x0000000710f00000, 0x0000000710f00000| Complete 
| 232|0x0000000711000000, 0x0000000711100000, 0x0000000711100000|100%| E|CS|TAMS 0x0000000711000000, 0x0000000711000000| Complete 
| 233|0x0000000711100000, 0x0000000711200000, 0x0000000711200000|100%| E|CS|TAMS 0x0000000711100000, 0x0000000711100000| Complete 
| 234|0x0000000711200000, 0x0000000711300000, 0x0000000711300000|100%| E|CS|TAMS 0x0000000711200000, 0x0000000711200000| Complete 
| 235|0x0000000711300000, 0x0000000711400000, 0x0000000711400000|100%| E|CS|TAMS 0x0000000711300000, 0x0000000711300000| Complete 
| 236|0x0000000711400000, 0x0000000711500000, 0x0000000711500000|100%| E|CS|TAMS 0x0000000711400000, 0x0000000711400000| Complete 
| 237|0x0000000711500000, 0x0000000711600000, 0x0000000711600000|100%| E|CS|TAMS 0x0000000711500000, 0x0000000711500000| Complete 
| 238|0x0000000711600000, 0x0000000711700000, 0x0000000711700000|100%| E|CS|TAMS 0x0000000711600000, 0x0000000711600000| Complete 
| 239|0x0000000711700000, 0x0000000711800000, 0x0000000711800000|100%| E|CS|TAMS 0x0000000711700000, 0x0000000711700000| Complete 
| 240|0x0000000711800000, 0x0000000711900000, 0x0000000711900000|100%| E|CS|TAMS 0x0000000711800000, 0x0000000711800000| Complete 
| 241|0x0000000711900000, 0x0000000711a00000, 0x0000000711a00000|100%| E|CS|TAMS 0x0000000711900000, 0x0000000711900000| Complete 
| 242|0x0000000711a00000, 0x0000000711b00000, 0x0000000711b00000|100%| E|CS|TAMS 0x0000000711a00000, 0x0000000711a00000| Complete 
| 243|0x0000000711b00000, 0x0000000711c00000, 0x0000000711c00000|100%| E|CS|TAMS 0x0000000711b00000, 0x0000000711b00000| Complete 
| 244|0x0000000711c00000, 0x0000000711d00000, 0x0000000711d00000|100%| E|CS|TAMS 0x0000000711c00000, 0x0000000711c00000| Complete 
| 245|0x0000000711d00000, 0x0000000711e00000, 0x0000000711e00000|100%| E|CS|TAMS 0x0000000711d00000, 0x0000000711d00000| Complete 
| 246|0x0000000711e00000, 0x0000000711f00000, 0x0000000711f00000|100%| E|CS|TAMS 0x0000000711e00000, 0x0000000711e00000| Complete 
| 247|0x0000000711f00000, 0x0000000712000000, 0x0000000712000000|100%| E|CS|TAMS 0x0000000711f00000, 0x0000000711f00000| Complete 
| 248|0x0000000712000000, 0x0000000712100000, 0x0000000712100000|100%| E|CS|TAMS 0x0000000712000000, 0x0000000712000000| Complete 
| 249|0x0000000712100000, 0x0000000712200000, 0x0000000712200000|100%| E|CS|TAMS 0x0000000712100000, 0x0000000712100000| Complete 
| 250|0x0000000712200000, 0x0000000712300000, 0x0000000712300000|100%| E|CS|TAMS 0x0000000712200000, 0x0000000712200000| Complete 
| 251|0x0000000712300000, 0x0000000712400000, 0x0000000712400000|100%| E|CS|TAMS 0x0000000712300000, 0x0000000712300000| Complete 
| 252|0x0000000712400000, 0x0000000712500000, 0x0000000712500000|100%| E|CS|TAMS 0x0000000712400000, 0x0000000712400000| Complete 
| 253|0x0000000712500000, 0x0000000712600000, 0x0000000712600000|100%| E|CS|TAMS 0x0000000712500000, 0x0000000712500000| Complete 

Card table byte_map: [0x000001a0233c0000,0x000001a023bb0000] _byte_map_base: 0x000001a01fbac000

Marking Bits (Prev, Next): (CMBitMap*) 0x000001a00b54b408, (CMBitMap*) 0x000001a00b54b440
 Prev Bits: [0x000001a0243a0000, 0x000001a028300000)
 Next Bits: [0x000001a028300000, 0x000001a02c260000)

Polling page: 0x000001a009490000

Metaspace:

Usage:
  Non-class:     17.26 MB capacity,    17.01 MB ( 99%) used,   216.45 KB (  1%) free+waste,    38.69 KB ( <1%) overhead. 
      Class:      2.08 MB capacity,     1.97 MB ( 95%) used,    92.47 KB (  4%) free+waste,    17.31 KB ( <1%) overhead. 
       Both:     19.34 MB capacity,    18.99 MB ( 98%) used,   308.92 KB (  2%) free+waste,    56.00 KB ( <1%) overhead. 

Virtual space:
  Non-class space:       18.00 MB reserved,      17.50 MB ( 97%) committed 
      Class space:        1.00 GB reserved,       2.13 MB ( <1%) committed 
             Both:        1.02 GB reserved,      19.63 MB (  2%) committed 

Chunk freelists:
   Non-Class:  51.00 KB
       Class:  0 bytes
        Both:  51.00 KB

MaxMetaspaceSize: 17179869184.00 GB
CompressedClassSpaceSize: 1.00 GB

CodeHeap 'non-profiled nmethods': size=120064Kb used=780Kb max_used=780Kb free=119284Kb
 bounds [0x000001a01b690000, 0x000001a01b900000, 0x000001a022bd0000]
CodeHeap 'profiled nmethods': size=120000Kb used=3728Kb max_used=3728Kb free=116271Kb
 bounds [0x000001a014160000, 0x000001a014510000, 0x000001a01b690000]
CodeHeap 'non-nmethods': size=5696Kb used=1218Kb max_used=1274Kb free=4477Kb
 bounds [0x000001a013bd0000, 0x000001a013e40000, 0x000001a014160000]
 total_blobs=2230 nmethods=1774 adapters=375
 compilation: enabled
              stopped_count=0, restarted_count=0
 full_count=0

Compilation events (20 events):
Event: 27.423 Thread 0x000001a02f0c7000 1764       3       java.util.HashSet::isEmpty (8 bytes)
Event: 27.424 Thread 0x000001a02f0c7000 nmethod 1764 0x000001a0144fe710 code [0x000001a0144fe8c0, 0x000001a0144feb18]
Event: 33.489 Thread 0x000001a02f0c7000 1765       1       java.nio.channels.spi.AbstractSelector::cancelledKeys (5 bytes)
Event: 33.489 Thread 0x000001a02f0c7000 nmethod 1765 0x000001a01b751f10 code [0x000001a01b7520c0, 0x000001a01b752178]
Event: 44.616 Thread 0x000001a02f0c7000 1766   !   3       sun.nio.ch.WindowsSelectorImpl$SubSelector::processFDSet (177 bytes)
Event: 44.618 Thread 0x000001a02f0c7000 nmethod 1766 0x000001a0144fec10 code [0x000001a0144feea0, 0x000001a0144ffdb8]
Event: 63.812 Thread 0x000001a02f0c7000 1767       3       java.nio.channels.spi.AbstractInterruptibleChannel::blockedOn (10 bytes)
Event: 63.813 Thread 0x000001a02f0c7000 nmethod 1767 0x000001a014500410 code [0x000001a014500600, 0x000001a014500ab8]
Event: 63.813 Thread 0x000001a02f0c7000 1768       3       java.lang.System$2::blockedOn (5 bytes)
Event: 63.813 Thread 0x000001a02f0c7000 nmethod 1768 0x000001a014500c90 code [0x000001a014500e60, 0x000001a014501218]
Event: 65.825 Thread 0x000001a02f0c7000 1769   !   3       sun.nio.ch.SelectorImpl::processDeregisterQueue (181 bytes)
Event: 65.826 Thread 0x000001a02f0c7000 nmethod 1769 0x000001a014501390 code [0x000001a014501680, 0x000001a014502b08]
Event: 84.014 Thread 0x000001a02f0c7000 1771       3       java.util.concurrent.atomic.AtomicBoolean::get (13 bytes)
Event: 84.014 Thread 0x000001a02f0c7000 nmethod 1771 0x000001a014503210 code [0x000001a0145033c0, 0x000001a014503518]
Event: 85.021 Thread 0x000001a02f0c7000 1772       3       java.nio.channels.spi.AbstractSelector::isOpen (8 bytes)
Event: 85.022 Thread 0x000001a02f0c7000 nmethod 1772 0x000001a014503590 code [0x000001a014503740, 0x000001a014503918]
Event: 87.045 Thread 0x000001a02f0c7000 1773       3       sun.nio.ch.SelectorImpl::ensureOpen (16 bytes)
Event: 87.045 Thread 0x000001a02f0c7000 nmethod 1773 0x000001a014503a10 code [0x000001a014503c00, 0x000001a014503ee8]
Event: 91.135 Thread 0x000001a02f0c7000 1774       1       java.util.concurrent.locks.AbstractOwnableSynchronizer::setExclusiveOwnerThread (6 bytes)
Event: 91.135 Thread 0x000001a02f0c7000 nmethod 1774 0x000001a01b752610 code [0x000001a01b7527c0, 0x000001a01b7528d8]

GC Heap History (4 events):
Event: 1.042 GC heap before
{Heap before GC invocations=0 (full 0):
 garbage-first heap   total 260096K, used 13312K [0x0000000702800000, 0x0000000800000000)
  region size 1024K, 14 young (14336K), 0 survivors (0K)
 Metaspace       used 9846K, capacity 9952K, committed 10240K, reserved 1058816K
  class space    used 857K, capacity 908K, committed 1024K, reserved 1048576K
}
Event: 1.051 GC heap after
{Heap after GC invocations=1 (full 0):
 garbage-first heap   total 260096K, used 3825K [0x0000000702800000, 0x0000000800000000)
  region size 1024K, 2 young (2048K), 2 survivors (2048K)
 Metaspace       used 9846K, capacity 9952K, committed 10240K, reserved 1058816K
  class space    used 857K, capacity 908K, committed 1024K, reserved 1048576K
}
Event: 1.669 GC heap before
{Heap before GC invocations=1 (full 0):
 garbage-first heap   total 260096K, used 41713K [0x0000000702800000, 0x0000000800000000)
  region size 1024K, 39 young (39936K), 2 survivors (2048K)
 Metaspace       used 13602K, capacity 13743K, committed 13952K, reserved 1062912K
  class space    used 1335K, capacity 1405K, committed 1408K, reserved 1048576K
}
Event: 1.673 GC heap after
{Heap after GC invocations=2 (full 0):
 garbage-first heap   total 260096K, used 4382K [0x0000000702800000, 0x0000000800000000)
  region size 1024K, 3 young (3072K), 3 survivors (3072K)
 Metaspace       used 13602K, capacity 13743K, committed 13952K, reserved 1062912K
  class space    used 1335K, capacity 1405K, committed 1408K, reserved 1048576K
}

Deoptimization events (20 events):
Event: 1.909 Thread 0x000001a00b4e9000 DEOPT PACKING pc=0x000001a01b6a6328 sp=0x0000003c4e3fdf70
Event: 1.909 Thread 0x000001a00b4e9000 DEOPT UNPACKING pc=0x000001a013c0c62f sp=0x0000003c4e3fdf00 mode 2
Event: 2.028 Thread 0x000001a00b4e9000 Uncommon trap: trap_request=0xffffffc6 fr.pc=0x000001a01b69ac94 relative=0x0000000000000074
Event: 2.028 Thread 0x000001a00b4e9000 Uncommon trap: reason=bimorphic_or_optimized_type_check action=maybe_recompile pc=0x000001a01b69ac94 method=java.util.AbstractCollection.isEmpty()Z @ 1 c2
Event: 2.028 Thread 0x000001a00b4e9000 DEOPT PACKING pc=0x000001a01b69ac94 sp=0x0000003c4e3faf60
Event: 2.028 Thread 0x000001a00b4e9000 DEOPT UNPACKING pc=0x000001a013c0c62f sp=0x0000003c4e3faf00 mode 2
Event: 2.028 Thread 0x000001a00b4e9000 Uncommon trap: trap_request=0xffffffc6 fr.pc=0x000001a01b69ac94 relative=0x0000000000000074
Event: 2.028 Thread 0x000001a00b4e9000 Uncommon trap: reason=bimorphic_or_optimized_type_check action=maybe_recompile pc=0x000001a01b69ac94 method=java.util.AbstractCollection.isEmpty()Z @ 1 c2
Event: 2.028 Thread 0x000001a00b4e9000 DEOPT PACKING pc=0x000001a01b69ac94 sp=0x0000003c4e3fb130
Event: 2.028 Thread 0x000001a00b4e9000 DEOPT UNPACKING pc=0x000001a013c0c62f sp=0x0000003c4e3fb0d0 mode 2
Event: 2.029 Thread 0x000001a00b4e9000 Uncommon trap: trap_request=0xffffffc6 fr.pc=0x000001a01b69ac94 relative=0x0000000000000074
Event: 2.029 Thread 0x000001a00b4e9000 Uncommon trap: reason=bimorphic_or_optimized_type_check action=maybe_recompile pc=0x000001a01b69ac94 method=java.util.AbstractCollection.isEmpty()Z @ 1 c2
Event: 2.029 Thread 0x000001a00b4e9000 DEOPT PACKING pc=0x000001a01b69ac94 sp=0x0000003c4e3fb120
Event: 2.029 Thread 0x000001a00b4e9000 DEOPT UNPACKING pc=0x000001a013c0c62f sp=0x0000003c4e3fb0c0 mode 2
Event: 2.031 Thread 0x000001a00b4e9000 Uncommon trap: trap_request=0xffffffc6 fr.pc=0x000001a01b69ac94 relative=0x0000000000000074
Event: 2.031 Thread 0x000001a00b4e9000 Uncommon trap: reason=bimorphic_or_optimized_type_check action=maybe_recompile pc=0x000001a01b69ac94 method=java.util.AbstractCollection.isEmpty()Z @ 1 c2
Event: 2.031 Thread 0x000001a00b4e9000 DEOPT PACKING pc=0x000001a01b69ac94 sp=0x0000003c4e3faf50
Event: 2.031 Thread 0x000001a00b4e9000 DEOPT UNPACKING pc=0x000001a013c0c62f sp=0x0000003c4e3faef0 mode 2
Event: 3.159 Thread 0x000001a03201d000 DEOPT PACKING pc=0x000001a0142ea591 sp=0x0000003c4fbfb410
Event: 3.159 Thread 0x000001a03201d000 DEOPT UNPACKING pc=0x000001a013c0c44e sp=0x0000003c4fbfaac0 mode 0

Classes redefined (3 events):
Event: 116.829 Thread 0x000001a02e77b000 redefined class name=org.bu.jenkins.job.parameter.CommonParameter$2, count=1
Event: 116.833 Thread 0x000001a02e77b000 redefined class name=org.bu.jenkins.job.parameter.CommonParameter$ParameterName, count=1
Event: 116.838 Thread 0x000001a02e77b000 redefined class name=org.bu.jenkins.job.parameter.CommonParameter, count=1

Internal exceptions (19 events):
Event: 1.239 Thread 0x000001a00b4e9000 Exception <a 'java/lang/NoSuchMethodError'{0x000000071211e720}: 'java.lang.Object java.lang.invoke.DirectMethodHandle$Holder.invokeStaticInit(java.lang.Object, java.lang.Object, java.lang.Object)'> (0x000000071211e720) thrown at [./src/hotspot/share/interpreter/linkResolver.cpp, line 773]
Event: 1.309 Thread 0x000001a00b4e9000 Exception <a 'java/lang/NoSuchMethodError'{0x0000000712097ef0}: 'void java.lang.invoke.DirectMethodHandle$Holder.invokeStaticInit(java.lang.Object, java.lang.Object, java.lang.Object, java.lang.Object)'> (0x0000000712097ef0) thrown at [./src/hotspot/share/interpreter/linkResolver.cpp, line 773]
Event: 1.370 Thread 0x000001a00b4e9000 Implicit null exception at 0x000001a01b6acf4f to 0x000001a01b6ad460
Event: 1.478 Thread 0x000001a00b4e9000 Exception <a 'java/lang/NoSuchMethodError'{0x0000000711190978}: 'java.lang.Object java.lang.invoke.Invokers$Holder.linkToTargetMethod(java.lang.Object, java.lang.Object, int, int, java.lang.Object, java.lang.Object)'> (0x0000000711190978) thrown at [./src/hotspot/share/interpreter/linkResolver.cpp, line 773]
Event: 1.818 Thread 0x000001a00b4e9000 Exception <a 'java/lang/NoSuchMethodError'{0x0000000711d77818}: 'int java.lang.invoke.DirectMethodHandle$Holder.invokeStatic(java.lang.Object, java.lang.Object, java.lang.Object, java.lang.Object, java.lang.Object)'> (0x0000000711d77818) thrown at [./src/hotspot/share/interpreter/linkResolver.cpp, line 773]
Event: 1.876 Thread 0x000001a00b4e9000 Implicit null exception at 0x000001a01b6e61ee to 0x000001a01b6e6310
Event: 2.008 Thread 0x000001a00b4e9000 Exception <a 'java/lang/NoSuchMethodError'{0x000000071170ba80}: 'int java.lang.invoke.DirectMethodHandle$Holder.invokeInterface(java.lang.Object, java.lang.Object)'> (0x000000071170ba80) thrown at [./src/hotspot/share/interpreter/linkResolver.cpp, line 773]
Event: 2.008 Thread 0x000001a00b4e9000 Exception <a 'java/lang/IncompatibleClassChangeError'{0x000000071170e6e0}: Found class java.lang.Object, but interface was expected> (0x000000071170e6e0) thrown at [./src/hotspot/share/interpreter/linkResolver.cpp, line 839]
Event: 2.070 Thread 0x000001a00b4e9000 Exception <a 'java/lang/NoSuchMethodError'{0x000000071165b550}: 'java.lang.Object java.lang.invoke.DirectMethodHandle$Holder.invokeStatic(java.lang.Object, java.lang.Object, java.lang.Object, java.lang.Object, java.lang.Object, java.lang.Object, java.lang.Object, java.lang.Object, java.lang.Object, java.lang.Object, java.lang.Object, int)'> (0x000000071165b550) thrown at [./src/hotspot/share/interpreter/linkResolver.cpp, line 773]
Event: 2.073 Thread 0x000001a00b4e9000 Exception <a 'java/lang/NoSuchMethodError'{0x000000071167aa18}: 'java.lang.Object java.lang.invoke.DirectMethodHandle$Holder.invokeStatic(java.lang.Object, java.lang.Object, java.lang.Object, java.lang.Object, java.lang.Object, java.lang.Object, java.lang.Object, java.lang.Object, java.lang.Object, java.lang.Object, java.lang.Object, int, int)'> (0x000000071167aa18) thrown at [./src/hotspot/share/interpreter/linkResolver.cpp, line 773]
Event: 2.076 Thread 0x000001a00b4e9000 Exception <a 'java/lang/NoSuchMethodError'{0x000000071169b180}: 'java.lang.Object java.lang.invoke.DirectMethodHandle$Holder.invokeStatic(java.lang.Object, java.lang.Object, java.lang.Object, java.lang.Object, java.lang.Object, java.lang.Object, java.lang.Object, java.lang.Object, java.lang.Object, java.lang.Object, java.lang.Object, int, int, java.lang.Object)'> (0x000000071169b180) thrown at [./src/hotspot/share/interpreter/linkResolver.cpp, line 773]
Event: 2.079 Thread 0x000001a00b4e9000 Exception <a 'java/lang/NoSuchMethodError'{0x00000007116bce80}: 'java.lang.Object java.lang.invoke.DirectMethodHandle$Holder.invokeStatic(java.lang.Object, java.lang.Object, java.lang.Object, java.lang.Object, java.lang.Object, java.lang.Object, java.lang.Object, java.lang.Object, java.lang.Object, java.lang.Object, java.lang.Object, int, int, java.lang.Object, java.lang.Object)'> (0x00000007116bce80) thrown at [./src/hotspot/share/interpreter/linkResolver.cpp, line 773]
Event: 2.098 Thread 0x000001a00b4e9000 Exception <a 'java/lang/NoSuchMethodError'{0x0000000711523038}: 'void java.lang.invoke.DirectMethodHandle$Holder.invokeStatic(java.lang.Object, java.lang.Object, java.lang.Object, java.lang.Object, java.lang.Object)'> (0x0000000711523038) thrown at [./src/hotspot/share/interpreter/linkResolver.cpp, line 773]
Event: 2.209 Thread 0x000001a00b4e9000 Exception <a 'java/lang/NoSuchMethodError'{0x00000007111d5e88}: 'java.lang.Object java.lang.invoke.DirectMethodHandle$Holder.invokeStatic(java.lang.Object, int, int, int, int)'> (0x00000007111d5e88) thrown at [./src/hotspot/share/interpreter/linkResolver.cpp, line 773]
Event: 2.210 Thread 0x000001a00b4e9000 Exception <a 'java/lang/NoSuchMethodError'{0x00000007111d8fb0}: 'java.lang.Object java.lang.invoke.DirectMethodHandle$Holder.invokeStaticInit(java.lang.Object, int, int, int, int)'> (0x00000007111d8fb0) thrown at [./src/hotspot/share/interpreter/linkResolver.cpp, line 773]
Event: 3.125 Thread 0x000001a00b4e9000 Exception <a 'java/lang/NoSuchMethodError'{0x0000000711030f38}: 'java.lang.Object java.lang.invoke.DirectMethodHandle$Holder.invokeStatic(java.lang.Object, java.lang.Object, int, int, int, int)'> (0x0000000711030f38) thrown at [./src/hotspot/share/interpreter/linkResolver.cpp, line 773]
Event: 3.125 Thread 0x000001a00b4e9000 Exception <a 'java/lang/NoSuchMethodError'{0x0000000711034290}: 'java.lang.Object java.lang.invoke.DirectMethodHandle$Holder.invokeStaticInit(java.lang.Object, java.lang.Object, int, int, int, int)'> (0x0000000711034290) thrown at [./src/hotspot/share/interpreter/linkResolver.cpp, line 773]
Event: 3.144 Thread 0x000001a00b4e9000 Exception <a 'java/lang/NoSuchMethodError'{0x00000007110ba1c0}: 'java.lang.Object java.lang.invoke.DirectMethodHandle$Holder.invokeStatic(java.lang.Object, java.lang.Object, java.lang.Object, java.lang.Object, java.lang.Object, java.lang.Object, java.lang.Object, java.lang.Object, java.lang.Object, java.lang.Object, java.lang.Object, java.lang.Object, java.lang.Object, int)'> (0x00000007110ba1c0) thrown at [./src/hotspot/share/interpreter/linkResolver.cpp, line 773]
Event: 3.145 Thread 0x000001a00b4e9000 Exception <a 'java/lang/NoSuchMethodError'{0x00000007110c7b78}: 'java.lang.Object java.lang.invoke.DirectMethodHandle$Holder.invokeStatic(java.lang.Object, java.lang.Object, java.lang.Object, java.lang.Object, java.lang.Object, java.lang.Object, java.lang.Object, java.lang.Object, java.lang.Object, java.lang.Object, java.lang.Object, java.lang.Object, java.lang.Object, int, int)'> (0x00000007110c7b78) thrown at [./src/hotspot/share/interpreter/linkResolver.cpp, line 773]

Events (20 events):
Event: 116.859 Executing VM operation: GetFrameCount done
Event: 116.860 Executing VM operation: GetStackTrace
Event: 116.860 Executing VM operation: GetStackTrace done
Event: 116.860 Executing VM operation: GetFrameCount
Event: 116.860 Executing VM operation: GetFrameCount done
Event: 116.860 Executing VM operation: GetOwnedMonitorInfo
Event: 116.860 Executing VM operation: GetOwnedMonitorInfo done
Event: 116.861 Executing VM operation: GetCurrentContendedMonitor
Event: 116.861 Executing VM operation: GetCurrentContendedMonitor done
Event: 116.861 Executing VM operation: GetOwnedMonitorInfo
Event: 116.861 Executing VM operation: GetOwnedMonitorInfo done
Event: 116.861 Executing VM operation: GetCurrentContendedMonitor
Event: 116.861 Executing VM operation: GetCurrentContendedMonitor done
Event: 116.862 Executing VM operation: GetCurrentContendedMonitor
Event: 116.862 Executing VM operation: GetCurrentContendedMonitor done
Event: 116.862 Executing VM operation: GetOwnedMonitorInfo
Event: 116.862 Executing VM operation: GetOwnedMonitorInfo done
Event: 116.993 Executing VM operation: GetFrameLocation
Event: 116.993 Executing VM operation: GetFrameLocation done
Event: 116.993 Executing VM operation: GetOrSetLocal


Dynamic libraries:
0x00007ff7ccf80000 - 0x00007ff7ccf8d000 	C:\Program Files\AdoptOpenJDK\jdk-11.0.10.9-hotspot\bin\javaw.exe
0x00007fff55ed0000 - 0x00007fff560c5000 	C:\WINDOWS\SYSTEM32\ntdll.dll
0x00007fff54030000 - 0x00007fff540ed000 	C:\WINDOWS\System32\KERNEL32.DLL
0x00007fff53770000 - 0x00007fff53a39000 	C:\WINDOWS\System32\KERNELBASE.dll
0x00007fff53de0000 - 0x00007fff53ee0000 	C:\WINDOWS\System32\ucrtbase.dll
0x00007fff443a0000 - 0x00007fff443b5000 	C:\Program Files\AdoptOpenJDK\jdk-11.0.10.9-hotspot\bin\VCRUNTIME140.dll
0x00007fff3e100000 - 0x00007fff3e117000 	C:\Program Files\AdoptOpenJDK\jdk-11.0.10.9-hotspot\bin\jli.dll
0x00007fff54260000 - 0x00007fff54400000 	C:\WINDOWS\System32\USER32.dll
0x00007fff53610000 - 0x00007fff53632000 	C:\WINDOWS\System32\win32u.dll
0x00007fff55e60000 - 0x00007fff55e8a000 	C:\WINDOWS\System32\GDI32.dll
0x00007fff3f950000 - 0x00007fff3fbea000 	C:\WINDOWS\WinSxS\amd64_microsoft.windows.common-controls_6595b64144ccf1df_6.0.19041.844_none_ca00b6081b84eb1d\COMCTL32.dll
0x00007fff555b0000 - 0x00007fff5564e000 	C:\WINDOWS\System32\msvcrt.dll
0x00007fff53a40000 - 0x00007fff53b4b000 	C:\WINDOWS\System32\gdi32full.dll
0x00007fff536a0000 - 0x00007fff5373d000 	C:\WINDOWS\System32\msvcp_win.dll
0x00007fff55210000 - 0x00007fff55240000 	C:\WINDOWS\System32\IMM32.DLL
0x000001a0094b0000 - 0x000001a0094c3000 	C:\WINDOWS\System32\umppc13806.dll
0x00007fff26220000 - 0x00007fff262bb000 	C:\Program Files\AdoptOpenJDK\jdk-11.0.10.9-hotspot\bin\msvcp140.dll
0x00007ffeddcb0000 - 0x00007ffede7f3000 	C:\Program Files\AdoptOpenJDK\jdk-11.0.10.9-hotspot\bin\server\jvm.dll
0x00007fff55ce0000 - 0x00007fff55d8c000 	C:\WINDOWS\System32\ADVAPI32.dll
0x00007fff541c0000 - 0x00007fff5425c000 	C:\WINDOWS\System32\sechost.dll
0x00007fff54ff0000 - 0x00007fff5511b000 	C:\WINDOWS\System32\RPCRT4.dll
0x00007fff555a0000 - 0x00007fff555a8000 	C:\WINDOWS\System32\PSAPI.DLL
0x00007fff3b250000 - 0x00007fff3b259000 	C:\WINDOWS\SYSTEM32\WSOCK32.dll
0x00007fff551a0000 - 0x00007fff5520b000 	C:\WINDOWS\System32\WS2_32.dll
0x00007fff403e0000 - 0x00007fff40407000 	C:\WINDOWS\SYSTEM32\WINMM.dll
0x00007fff46f70000 - 0x00007fff46f7a000 	C:\WINDOWS\SYSTEM32\VERSION.dll
0x00007fff51f00000 - 0x00007fff51f12000 	C:\WINDOWS\SYSTEM32\kernel.appcore.dll
0x00007fff4b6c0000 - 0x00007fff4b6d0000 	C:\Program Files\AdoptOpenJDK\jdk-11.0.10.9-hotspot\bin\verify.dll
0x00007fff3b650000 - 0x00007fff3b834000 	C:\WINDOWS\SYSTEM32\DBGHELP.DLL
0x00007fff3b500000 - 0x00007fff3b52c000 	C:\WINDOWS\SYSTEM32\dbgcore.DLL
0x00007fff53c00000 - 0x00007fff53c80000 	C:\WINDOWS\System32\bcryptPrimitives.dll
0x00007fff44440000 - 0x00007fff44468000 	C:\Program Files\AdoptOpenJDK\jdk-11.0.10.9-hotspot\bin\java.dll
0x00007fff44530000 - 0x00007fff4453a000 	C:\Program Files\AdoptOpenJDK\jdk-11.0.10.9-hotspot\bin\jimage.dll
0x00007fff27a20000 - 0x00007fff27a58000 	C:\Program Files\AdoptOpenJDK\jdk-11.0.10.9-hotspot\bin\jdwp.dll
0x00007fff4c9f0000 - 0x00007fff4c9fe000 	C:\Program Files\AdoptOpenJDK\jdk-11.0.10.9-hotspot\bin\instrument.dll
0x00007fff425d0000 - 0x00007fff425e7000 	C:\Program Files\AdoptOpenJDK\jdk-11.0.10.9-hotspot\bin\zip.dll
0x00007fff54780000 - 0x00007fff54ec2000 	C:\WINDOWS\System32\SHELL32.dll
0x00007fff512d0000 - 0x00007fff51a60000 	C:\WINDOWS\SYSTEM32\windows.storage.dll
0x00007fff55240000 - 0x00007fff55595000 	C:\WINDOWS\System32\combase.dll
0x00007fff52fb0000 - 0x00007fff52fdc000 	C:\WINDOWS\SYSTEM32\Wldp.dll
0x00007fff544c0000 - 0x00007fff5456e000 	C:\WINDOWS\System32\SHCORE.dll
0x00007fff54460000 - 0x00007fff544b5000 	C:\WINDOWS\System32\shlwapi.dll
0x00007fff53550000 - 0x00007fff5356f000 	C:\WINDOWS\SYSTEM32\profapi.dll
0x00007fff4c960000 - 0x00007fff4c96a000 	C:\Program Files\AdoptOpenJDK\jdk-11.0.10.9-hotspot\bin\dt_socket.dll
0x00007fff52da0000 - 0x00007fff52e0a000 	C:\WINDOWS\System32\mswsock.dll
0x00007fff52aa0000 - 0x00007fff52b6b000 	C:\WINDOWS\SYSTEM32\DNSAPI.dll
0x00007fff52a60000 - 0x00007fff52a9b000 	C:\WINDOWS\SYSTEM32\IPHLPAPI.DLL
0x00007fff55d90000 - 0x00007fff55d98000 	C:\WINDOWS\System32\NSI.dll
0x00007fff4d300000 - 0x00007fff4d37f000 	C:\WINDOWS\System32\fwpuclnt.dll
0x00007fff53740000 - 0x00007fff53767000 	C:\WINDOWS\System32\bcrypt.dll
0x00007fff39030000 - 0x00007fff3903a000 	C:\Windows\System32\rasadhlp.dll
0x00007fff425b0000 - 0x00007fff425c9000 	C:\Program Files\AdoptOpenJDK\jdk-11.0.10.9-hotspot\bin\net.dll
0x00007fff50cf0000 - 0x00007fff50dfc000 	C:\WINDOWS\SYSTEM32\WINHTTP.dll
0x00007fff3e120000 - 0x00007fff3e132000 	C:\Program Files\AdoptOpenJDK\jdk-11.0.10.9-hotspot\bin\nio.dll
0x00007fff44430000 - 0x00007fff44439000 	C:\Program Files\AdoptOpenJDK\jdk-11.0.10.9-hotspot\bin\management.dll
0x00007fff44380000 - 0x00007fff4438b000 	C:\Program Files\AdoptOpenJDK\jdk-11.0.10.9-hotspot\bin\management_ext.dll
0x00007fff39080000 - 0x00007fff39097000 	C:\WINDOWS\system32\napinsp.dll
0x00007fff39060000 - 0x00007fff3907b000 	C:\WINDOWS\system32\pnrpnsp.dll
0x00007fff4dbd0000 - 0x00007fff4dbe5000 	C:\WINDOWS\system32\wshbth.dll
0x00007fff50460000 - 0x00007fff5047d000 	C:\WINDOWS\system32\NLAapi.dll
0x00007fff39040000 - 0x00007fff39052000 	C:\WINDOWS\System32\winrnr.dll
0x00007fff52ff0000 - 0x00007fff53008000 	C:\WINDOWS\SYSTEM32\CRYPTSP.dll
0x00007fff526f0000 - 0x00007fff52724000 	C:\WINDOWS\system32\rsaenh.dll
0x00007fff53510000 - 0x00007fff5353e000 	C:\WINDOWS\SYSTEM32\USERENV.dll
0x00007fff52f20000 - 0x00007fff52f2c000 	C:\WINDOWS\SYSTEM32\CRYPTBASE.dll
0x00007fff4d2e0000 - 0x00007fff4d2f7000 	C:\WINDOWS\SYSTEM32\dhcpcsvc6.DLL
0x00007fff4d240000 - 0x00007fff4d25d000 	C:\WINDOWS\SYSTEM32\dhcpcsvc.DLL

dbghelp: loaded successfully - version: 4.0.5 - missing functions: none
symbol engine: initialized successfully - sym options: 0x614 - pdb path: .;C:\Program Files\AdoptOpenJDK\jdk-11.0.10.9-hotspot\bin;C:\WINDOWS\SYSTEM32;C:\WINDOWS\WinSxS\amd64_microsoft.windows.common-controls_6595b64144ccf1df_6.0.19041.844_none_ca00b6081b84eb1d;C:\Program Files\AdoptOpenJDK\jdk-11.0.10.9-hotspot\bin\server

VM Arguments:
jvm_args: -agentlib:jdwp=transport=dt_socket,suspend=y,address=localhost:50289 -javaagent:C:\Users\wrh\eclipse\jee-2020-12\eclipse\configuration\org.eclipse.osgi\405\0\.cp\lib\javaagent-shaded.jar -Dfile.encoding=UTF-8 
java_command: org.bu.jenkins.EntryPoint profile=infnprd developmentMode=false
java_class_path (initial): C:\whennemuth\workspaces\ecs_workspace\cloud-formation\kuali-infrastructure\kuali_jenkins\KualiUI\target\classes;C:\Users\wrh\.m2\repository\org\thymeleaf\thymeleaf\3.0.12.RELEASE\thymeleaf-3.0.12.RELEASE.jar;C:\Users\wrh\.m2\repository\ognl\ognl\3.1.26\ognl-3.1.26.jar;C:\Users\wrh\.m2\repository\org\javassist\javassist\3.20.0-GA\javassist-3.20.0-GA.jar;C:\Users\wrh\.m2\repository\org\attoparser\attoparser\2.0.5.RELEASE\attoparser-2.0.5.RELEASE.jar;C:\Users\wrh\.m2\repository\org\unbescape\unbescape\1.1.6.RELEASE\unbescape-1.1.6.RELEASE.jar;C:\Users\wrh\.m2\repository\org\slf4j\slf4j-api\1.7.25\slf4j-api-1.7.25.jar;C:\Users\wrh\.m2\repository\software\amazon\awssdk\s3\2.16.1\s3-2.16.1.jar;C:\Users\wrh\.m2\repository\software\amazon\awssdk\aws-xml-protocol\2.16.1\aws-xml-protocol-2.16.1.jar;C:\Users\wrh\.m2\repository\software\amazon\awssdk\protocol-core\2.16.1\protocol-core-2.16.1.jar;C:\Users\wrh\.m2\repository\software\amazon\awssdk\arns\2.16.1\arns-2.16.1.jar;C:\Users\wrh\.m2\repository\software\amazon\awssdk\profiles\2.16.1\profiles-2.16.1.jar;C:\Users\wrh\.m2\repository\software\amazon\awssdk\sdk-core\2.16.1\sdk-core-2.16.1.jar;C:\Users\wrh\.m2\repository\com\fasterxml\jackson\core\jackson-core\2.12.1\jackson-core-2.12.1.jar;C:\Users\wrh\.m2\repository\com\fasterxml\jackson\core\jackson-databind\2.12.1\jackson-databind-2.12.1.jar;C:\Users\wrh\.m2\repository\org\reactivestreams\reactive-streams\1.0.2\reactive-streams-1.0.2.jar;C:\Users\wrh\.m2\repository\software\amazon\awssdk\auth\2.16.1\auth-2.16.1.jar;C:\Users\wrh\.m2\repository\software\amazon\eventstream\eventstream\1.0.1\eventstream-1.0.1.jar;C:\Users\wrh\.m2\repository\software\amazon\awssdk\http-client-spi\2.16.1\http-client-spi-2.16.1.jar;C:\Users\wrh\.m2\repository\software\amazon\awssdk\regions\2.16.1\regions-2.16.1.jar;C:\Users\wrh\.m2\repository\com\fasterxml\jackson\core\jackson-annotations\2.12.1\jackson-annotations-2.12.1.jar;C:\Users\wrh\.m2\repository\software\amazo
Launcher Type: SUN_STANDARD

[Global flags]
     intx CICompilerCount                          = 3                                         {product} {ergonomic}
     uint ConcGCThreads                            = 1                                         {product} {ergonomic}
     uint G1ConcRefinementThreads                  = 4                                         {product} {ergonomic}
   size_t G1HeapRegionSize                         = 1048576                                   {product} {ergonomic}
    uintx GCDrainStackTargetSize                   = 64                                        {product} {ergonomic}
   size_t InitialHeapSize                          = 266338304                                 {product} {ergonomic}
   size_t MarkStackSize                            = 4194304                                   {product} {ergonomic}
   size_t MaxHeapSize                              = 4253024256                                {product} {ergonomic}
   size_t MaxNewSize                               = 2551185408                                {product} {ergonomic}
   size_t MinHeapDeltaBytes                        = 1048576                                   {product} {ergonomic}
    uintx NonNMethodCodeHeapSize                   = 5830732                                {pd product} {ergonomic}
    uintx NonProfiledCodeHeapSize                  = 122913754                              {pd product} {ergonomic}
    uintx ProfiledCodeHeapSize                     = 122913754                              {pd product} {ergonomic}
    uintx ReservedCodeCacheSize                    = 251658240                              {pd product} {ergonomic}
     bool SegmentedCodeCache                       = true                                      {product} {ergonomic}
     bool UseCompressedClassPointers               = true                                 {lp64_product} {ergonomic}
     bool UseCompressedOops                        = true                                 {lp64_product} {ergonomic}
     bool UseG1GC                                  = true                                      {product} {ergonomic}
     bool UseLargePagesIndividualAllocation        = false                                  {pd product} {ergonomic}

Logging:
Log output configuration:
 #0: stdout all=warning uptime,level,tags
 #1: stderr all=off uptime,level,tags

Environment Variables:
JAVA_HOME=C:\Program Files\AdoptOpenJDK\jdk-11.0.10.9-hotspot\
PATH=C:/Program Files/AdoptOpenJDK/jdk-11.0.10.9-hotspot/bin/client;C:/Program Files/AdoptOpenJDK/jdk-11.0.10.9-hotspot/bin;C:\Program Files\AdoptOpenJDK\jdk-11.0.10.9-hotspot\bin;C:\Program Files (x86)\Common Files\Oracle\Java\javapath;C:\Python27\;C:\Python27\Scripts;C:\ProgramData\Boxstarter;C:\ProgramData\Oracle\Java\javapath;C:\WINDOWS\system32;C:\WINDOWS;C:\WINDOWS\System32\Wbem;C:\WINDOWS\System32\WindowsPowerShell\v1.0\;C:\Program Files (x86)\GitExtensions\;C:\whennemuth\downloads\apache-maven-3.6.3\bin;C:\Program Files\dotnet\;C:\Program Files\Microsoft VS Code\bin;C:\Program Files\nodejs\;C:\ProgramData\chocolatey\bin;C:\WINDOWS\system32;C:\WINDOWS;C:\WINDOWS\System32\Wbem;C:\WINDOWS\System32\WindowsPowerShell\v1.0\;C:\WINDOWS\System32\OpenSSH\;C:\Program Files\WinMerge;C:\Program Files\Intel\WiFi\bin\;C:\Program Files\Common Files\Intel\WirelessCommon\;C:\Program Files\Amazon\SessionManagerPlugin\bin\;C:\Program Files\Amazon\AWSCLIV2\;;C:\Program Files\Docker\Docker\resources\bin;C:\ProgramData\DockerDesktop\version-bin;C:\Users\wrh\AppData\Local\Microsoft\WindowsApps;C:\Program Files\Microsoft VS Code\bin;C:\Users\wrh\AppData\Roaming\npm;C:\Users\wrh\AppData\Local\Microsoft\WindowsApps;C:\Program Files\MongoDB\Server\4.0\bin;;C:\WINDOWS\system32;
USERNAME=wrh
OS=Windows_NT
PROCESSOR_IDENTIFIER=Intel64 Family 6 Model 142 Stepping 9, GenuineIntel



---------------  S Y S T E M  ---------------

OS: Windows 10 , 64 bit Build 19041 (10.0.19041.804)
OS uptime: 78 days 11:32 hours
Hyper-V role detected

CPU:total 4 (initial active 4) (2 cores per cpu, 2 threads per core) family 6 model 142 stepping 9 microcode 0xde, cmov, cx8, fxsr, mmx, sse, sse2, sse3, ssse3, sse4.1, sse4.2, popcnt, avx, avx2, aes, clmul, erms, rtm, 3dnowpref, lzcnt, ht, tsc, tscinvbit, bmi1, bmi2, adx, fma

Memory: 4k page, system-wide physical 16222M (2531M free)
TotalPageFile size 43065M (AvailPageFile size 7066M)
current process WorkingSet (physical memory assigned to process): 110M, peak: 142M
current process commit charge ("private bytes"): 357M, peak: 385M

vm_info: OpenJDK 64-Bit Server VM (11.0.10+9) for windows-amd64 JRE (11.0.10+9), built on Jan 20 2021 06:07:07 by "" with MS VC++ 15.9 (VS2017)

END.
